2025-06-06 20:07:58,231 - INFO - Starting training for 10 epochs
2025-06-06 20:07:58,231 - INFO - Total training steps: 1820
2025-06-06 20:07:58,231 - INFO - Epoch 1/10
2025-06-06 20:32:22,768 - INFO - Train Loss: 1.2204
2025-06-06 20:32:23,697 - INFO - Model saved to C:/Users/DELL/Tiki_ABSA/src/models/DistilBert_MultiTasking/checkpoints\best_model.pt
2025-06-06 20:32:23,697 - INFO - New best F1: 0.3697
2025-06-06 20:32:23,697 - INFO - Epoch 2/10
2025-06-06 20:57:01,524 - INFO - Train Loss: 0.8798
2025-06-06 20:57:02,356 - INFO - Model saved to C:/Users/DELL/Tiki_ABSA/src/models/DistilBert_MultiTasking/checkpoints\best_model.pt
2025-06-06 20:57:02,363 - INFO - New best F1: 0.4888
2025-06-06 20:57:02,363 - INFO - Epoch 3/10
2025-06-06 21:21:13,238 - INFO - Train Loss: 0.7441
2025-06-06 21:21:14,114 - INFO - Model saved to C:/Users/DELL/Tiki_ABSA/src/models/DistilBert_MultiTasking/checkpoints\best_model.pt
2025-06-06 21:21:14,114 - INFO - New best F1: 0.5043
2025-06-06 21:21:14,129 - INFO - Epoch 4/10
2025-06-06 21:44:31,019 - INFO - Train Loss: 0.6225
2025-06-06 21:44:31,879 - INFO - Model saved to C:/Users/DELL/Tiki_ABSA/src/models/DistilBert_MultiTasking/checkpoints\best_model.pt
2025-06-06 21:44:31,879 - INFO - New best F1: 0.5962
2025-06-06 21:44:31,886 - INFO - Epoch 5/10
2025-06-06 22:09:00,724 - INFO - Train Loss: 0.5269
2025-06-06 22:09:01,617 - INFO - Model saved to C:/Users/DELL/Tiki_ABSA/src/models/DistilBert_MultiTasking/checkpoints\best_model.pt
2025-06-06 22:09:01,617 - INFO - New best F1: 0.6213
2025-06-06 22:09:01,617 - INFO - Epoch 6/10
2025-06-06 22:34:19,345 - INFO - Train Loss: 0.4563
2025-06-06 22:34:19,352 - INFO - No improvement. Patience: 1/3
2025-06-06 22:34:19,352 - INFO - Epoch 7/10
2025-06-06 22:58:56,278 - INFO - Train Loss: 0.4029
2025-06-06 22:58:57,140 - INFO - Model saved to C:/Users/DELL/Tiki_ABSA/src/models/DistilBert_MultiTasking/checkpoints\best_model.pt
2025-06-06 22:58:57,140 - INFO - New best F1: 0.6228
2025-06-06 22:58:57,140 - INFO - Epoch 8/10
2025-06-06 23:23:18,695 - INFO - Train Loss: 0.3604
2025-06-06 23:23:19,663 - INFO - Model saved to C:/Users/DELL/Tiki_ABSA/src/models/DistilBert_MultiTasking/checkpoints\best_model.pt
2025-06-06 23:23:19,664 - INFO - New best F1: 0.6295
2025-06-06 23:23:19,664 - INFO - Epoch 9/10
2025-06-06 23:50:13,716 - INFO - Train Loss: 0.3316
2025-06-06 23:50:14,580 - INFO - Model saved to C:/Users/DELL/Tiki_ABSA/src/models/DistilBert_MultiTasking/checkpoints\best_model.pt
2025-06-06 23:50:14,581 - INFO - New best F1: 0.6348
2025-06-06 23:50:14,581 - INFO - Epoch 10/10
2025-06-07 00:14:13,808 - INFO - Train Loss: 0.3130
2025-06-07 00:14:14,582 - INFO - Model saved to C:/Users/DELL/Tiki_ABSA/src/models/DistilBert_MultiTasking/checkpoints\best_model.pt
2025-06-07 00:14:14,598 - INFO - New best F1: 0.6415
2025-06-07 00:14:14,598 - INFO - Training completed!
