2025-06-09 23:53:07,543 - INFO - Starting training for 20 epochs
2025-06-09 23:53:07,543 - INFO - Total training steps: 3640
2025-06-09 23:53:07,544 - INFO - Epoch 1/20
2025-06-10 00:20:34,163 - INFO - Train Loss: 1.2101
2025-06-10 00:20:34,163 - INFO - === VALIDATION METRICS ===
2025-06-10 00:20:34,163 - INFO - Aspect Macro F1: 0.4291
2025-06-10 00:20:34,163 - INFO - Aspect Micro F1: 0.7799
2025-06-10 00:20:34,163 - INFO - Sentiment Macro F1: 0.3166
2025-06-10 00:20:34,163 - INFO - Sentiment Micro F1: 0.7962
2025-06-10 00:20:34,163 - INFO - --- Aspect Performance ---
2025-06-10 00:20:34,163 - INFO - Dịch vụ: F1=0.763, P=0.621, R=0.989
2025-06-10 00:20:34,163 - INFO - Chất lượng sản phẩm: F1=0.953, P=0.910, R=1.000
2025-06-10 00:20:34,163 - INFO - Giá cả: F1=0.000, P=0.000, R=0.000
2025-06-10 00:20:34,163 - INFO - Khác: F1=0.000, P=0.000, R=0.000
2025-06-10 00:20:34,163 - INFO - --- Sentiment Performance ---
2025-06-10 00:20:34,163 - INFO - Tiêu cực: F1=0.000, P=0.000, R=0.000
2025-06-10 00:20:34,163 - INFO - Bình thường: F1=0.000, P=0.000, R=0.000
2025-06-10 00:20:34,163 - INFO - Tích cực: F1=0.950, P=0.904, R=1.000
2025-06-10 00:20:34,963 - INFO - Model saved to C:/Users/DELL/Tiki_ABSA/src/models/DistilBert_MultiTasking/checkpoints\best_model.pt
2025-06-10 00:20:34,963 - INFO - New best F1: 0.3728
2025-06-10 00:20:34,963 - INFO - Epoch 2/20
2025-06-10 00:48:43,184 - INFO - Train Loss: 0.8785
2025-06-10 00:48:43,186 - INFO - === VALIDATION METRICS ===
2025-06-10 00:48:43,186 - INFO - Aspect Macro F1: 0.4629
2025-06-10 00:48:43,186 - INFO - Aspect Micro F1: 0.8263
2025-06-10 00:48:43,187 - INFO - Sentiment Macro F1: 0.4433
2025-06-10 00:48:43,187 - INFO - Sentiment Micro F1: 0.8103
2025-06-10 00:48:43,187 - INFO - --- Aspect Performance ---
2025-06-10 00:48:43,187 - INFO - Dịch vụ: F1=0.899, P=0.932, R=0.868
2025-06-10 00:48:43,187 - INFO - Chất lượng sản phẩm: F1=0.953, P=0.910, R=1.000
2025-06-10 00:48:43,188 - INFO - Giá cả: F1=0.000, P=0.000, R=0.000
2025-06-10 00:48:43,188 - INFO - Khác: F1=0.000, P=0.000, R=0.000
2025-06-10 00:48:43,189 - INFO - --- Sentiment Performance ---
2025-06-10 00:48:43,189 - INFO - Tiêu cực: F1=0.380, P=0.523, R=0.299
2025-06-10 00:48:43,189 - INFO - Bình thường: F1=0.000, P=0.000, R=0.000
2025-06-10 00:48:43,190 - INFO - Tích cực: F1=0.950, P=0.904, R=1.000
2025-06-10 00:48:44,007 - INFO - Model saved to C:/Users/DELL/Tiki_ABSA/src/models/DistilBert_MultiTasking/checkpoints\best_model.pt
2025-06-10 00:48:44,008 - INFO - New best F1: 0.4531
2025-06-10 00:48:44,009 - INFO - Epoch 3/20
2025-06-10 01:16:39,481 - INFO - Train Loss: 0.7414
2025-06-10 01:16:39,481 - INFO - === VALIDATION METRICS ===
2025-06-10 01:16:39,481 - INFO - Aspect Macro F1: 0.4775
2025-06-10 01:16:39,481 - INFO - Aspect Micro F1: 0.8377
2025-06-10 01:16:39,481 - INFO - Sentiment Macro F1: 0.4554
2025-06-10 01:16:39,481 - INFO - Sentiment Micro F1: 0.8285
2025-06-10 01:16:39,481 - INFO - --- Aspect Performance ---
2025-06-10 01:16:39,481 - INFO - Dịch vụ: F1=0.929, P=0.955, R=0.905
2025-06-10 01:16:39,481 - INFO - Chất lượng sản phẩm: F1=0.953, P=0.910, R=1.000
2025-06-10 01:16:39,481 - INFO - Giá cả: F1=0.027, P=1.000, R=0.014
2025-06-10 01:16:39,481 - INFO - Khác: F1=0.000, P=0.000, R=0.000
2025-06-10 01:16:39,481 - INFO - --- Sentiment Performance ---
2025-06-10 01:16:39,481 - INFO - Tiêu cực: F1=0.412, P=0.840, R=0.273
2025-06-10 01:16:39,481 - INFO - Bình thường: F1=0.000, P=0.000, R=0.000
2025-06-10 01:16:39,481 - INFO - Tích cực: F1=0.954, P=0.913, R=1.000
2025-06-10 01:16:42,710 - INFO - Model saved to C:/Users/DELL/Tiki_ABSA/src/models/DistilBert_MultiTasking/checkpoints\best_model.pt
2025-06-10 01:16:42,726 - INFO - New best F1: 0.4664
2025-06-10 01:16:42,726 - INFO - Epoch 4/20
2025-06-10 01:44:42,322 - INFO - Train Loss: 0.6195
2025-06-10 01:44:42,322 - INFO - === VALIDATION METRICS ===
2025-06-10 01:44:42,322 - INFO - Aspect Macro F1: 0.6735
2025-06-10 01:44:42,322 - INFO - Aspect Micro F1: 0.8853
2025-06-10 01:44:42,322 - INFO - Sentiment Macro F1: 0.5154
2025-06-10 01:44:42,322 - INFO - Sentiment Micro F1: 0.8468
2025-06-10 01:44:42,322 - INFO - --- Aspect Performance ---
2025-06-10 01:44:42,322 - INFO - Dịch vụ: F1=0.929, P=0.926, R=0.931
2025-06-10 01:44:42,322 - INFO - Chất lượng sản phẩm: F1=0.953, P=0.910, R=1.000
2025-06-10 01:44:42,322 - INFO - Giá cả: F1=0.812, P=0.885, R=0.750
2025-06-10 01:44:42,322 - INFO - Khác: F1=0.000, P=0.000, R=0.000
2025-06-10 01:44:42,322 - INFO - --- Sentiment Performance ---
2025-06-10 01:44:42,322 - INFO - Tiêu cực: F1=0.587, P=0.755, R=0.481
2025-06-10 01:44:42,322 - INFO - Bình thường: F1=0.000, P=0.000, R=0.000
2025-06-10 01:44:42,322 - INFO - Tích cực: F1=0.959, P=0.924, R=0.997
2025-06-10 01:44:43,116 - INFO - Model saved to C:/Users/DELL/Tiki_ABSA/src/models/DistilBert_MultiTasking/checkpoints\best_model.pt
2025-06-10 01:44:43,116 - INFO - New best F1: 0.5945
2025-06-10 01:44:43,116 - INFO - Epoch 5/20
2025-06-10 02:12:29,194 - INFO - Train Loss: 0.5302
2025-06-10 02:12:29,194 - INFO - === VALIDATION METRICS ===
2025-06-10 02:12:29,194 - INFO - Aspect Macro F1: 0.6829
2025-06-10 02:12:29,194 - INFO - Aspect Micro F1: 0.8859
2025-06-10 02:12:29,194 - INFO - Sentiment Macro F1: 0.5346
2025-06-10 02:12:29,194 - INFO - Sentiment Micro F1: 0.8549
2025-06-10 02:12:29,194 - INFO - --- Aspect Performance ---
2025-06-10 02:12:29,194 - INFO - Dịch vụ: F1=0.911, P=0.902, R=0.921
2025-06-10 02:12:29,194 - INFO - Chất lượng sản phẩm: F1=0.953, P=0.910, R=1.000
2025-06-10 02:12:29,194 - INFO - Giá cả: F1=0.868, P=0.922, R=0.819
2025-06-10 02:12:29,194 - INFO - Khác: F1=0.000, P=0.000, R=0.000
2025-06-10 02:12:29,194 - INFO - --- Sentiment Performance ---
2025-06-10 02:12:29,194 - INFO - Tiêu cực: F1=0.638, P=0.721, R=0.571
2025-06-10 02:12:29,194 - INFO - Bình thường: F1=0.000, P=0.000, R=0.000
2025-06-10 02:12:29,194 - INFO - Tích cực: F1=0.966, P=0.957, R=0.976
2025-06-10 02:12:30,021 - INFO - Model saved to C:/Users/DELL/Tiki_ABSA/src/models/DistilBert_MultiTasking/checkpoints\best_model.pt
2025-06-10 02:12:30,021 - INFO - New best F1: 0.6088
2025-06-10 02:12:30,021 - INFO - Epoch 6/20
2025-06-10 02:40:28,853 - INFO - Train Loss: 0.4585
2025-06-10 02:40:28,853 - INFO - === VALIDATION METRICS ===
2025-06-10 02:40:28,853 - INFO - Aspect Macro F1: 0.6872
2025-06-10 02:40:28,853 - INFO - Aspect Micro F1: 0.8915
2025-06-10 02:40:28,853 - INFO - Sentiment Macro F1: 0.5337
2025-06-10 02:40:28,853 - INFO - Sentiment Micro F1: 0.8557
2025-06-10 02:40:28,853 - INFO - --- Aspect Performance ---
2025-06-10 02:40:28,853 - INFO - Dịch vụ: F1=0.934, P=0.932, R=0.937
2025-06-10 02:40:28,868 - INFO - Chất lượng sản phẩm: F1=0.951, P=0.913, R=0.993
2025-06-10 02:40:28,870 - INFO - Giá cả: F1=0.863, P=0.896, R=0.833
2025-06-10 02:40:28,871 - INFO - Khác: F1=0.000, P=0.000, R=0.000
2025-06-10 02:40:28,871 - INFO - --- Sentiment Performance ---
2025-06-10 02:40:28,871 - INFO - Tiêu cực: F1=0.633, P=0.710, R=0.571
2025-06-10 02:40:28,871 - INFO - Bình thường: F1=0.000, P=0.000, R=0.000
2025-06-10 02:40:28,872 - INFO - Tích cực: F1=0.968, P=0.954, R=0.983
2025-06-10 02:40:32,192 - INFO - Model saved to C:/Users/DELL/Tiki_ABSA/src/models/DistilBert_MultiTasking/checkpoints\best_model.pt
2025-06-10 02:40:32,195 - INFO - New best F1: 0.6104
2025-06-10 02:40:32,195 - INFO - Epoch 7/20
2025-06-10 03:09:02,260 - INFO - Train Loss: 0.4036
2025-06-10 03:09:02,262 - INFO - === VALIDATION METRICS ===
2025-06-10 03:09:02,262 - INFO - Aspect Macro F1: 0.7335
2025-06-10 03:09:02,262 - INFO - Aspect Micro F1: 0.8960
2025-06-10 03:09:02,263 - INFO - Sentiment Macro F1: 0.5585
2025-06-10 03:09:02,263 - INFO - Sentiment Micro F1: 0.8673
2025-06-10 03:09:02,263 - INFO - --- Aspect Performance ---
2025-06-10 03:09:02,263 - INFO - Dịch vụ: F1=0.914, P=0.856, R=0.979
2025-06-10 03:09:02,264 - INFO - Chất lượng sản phẩm: F1=0.959, P=0.930, R=0.990
2025-06-10 03:09:02,264 - INFO - Giá cả: F1=0.903, P=0.903, R=0.903
2025-06-10 03:09:02,264 - INFO - Khác: F1=0.159, P=0.625, R=0.091
2025-06-10 03:09:02,265 - INFO - --- Sentiment Performance ---
2025-06-10 03:09:02,265 - INFO - Tiêu cực: F1=0.707, P=0.743, R=0.675
2025-06-10 03:09:02,266 - INFO - Bình thường: F1=0.000, P=0.000, R=0.000
2025-06-10 03:09:02,266 - INFO - Tích cực: F1=0.968, P=0.954, R=0.983
2025-06-10 03:09:03,322 - INFO - Model saved to C:/Users/DELL/Tiki_ABSA/src/models/DistilBert_MultiTasking/checkpoints\best_model.pt
2025-06-10 03:09:03,322 - INFO - New best F1: 0.6460
2025-06-10 03:09:03,322 - INFO - Epoch 8/20
2025-06-10 03:38:24,943 - INFO - Train Loss: 0.3560
2025-06-10 03:38:24,943 - INFO - === VALIDATION METRICS ===
2025-06-10 03:38:24,943 - INFO - Aspect Macro F1: 0.7434
2025-06-10 03:38:24,943 - INFO - Aspect Micro F1: 0.9079
2025-06-10 03:38:24,943 - INFO - Sentiment Macro F1: 0.5478
2025-06-10 03:38:24,943 - INFO - Sentiment Micro F1: 0.8540
2025-06-10 03:38:24,943 - INFO - --- Aspect Performance ---
2025-06-10 03:38:24,943 - INFO - Dịch vụ: F1=0.941, P=0.915, R=0.968
2025-06-10 03:38:24,943 - INFO - Chất lượng sản phẩm: F1=0.964, P=0.936, R=0.993
2025-06-10 03:38:24,943 - INFO - Giá cả: F1=0.910, P=0.904, R=0.917
2025-06-10 03:38:24,943 - INFO - Khác: F1=0.159, P=0.625, R=0.091
2025-06-10 03:38:24,943 - INFO - --- Sentiment Performance ---
2025-06-10 03:38:24,943 - INFO - Tiêu cực: F1=0.674, P=0.594, R=0.779
2025-06-10 03:38:24,943 - INFO - Bình thường: F1=0.000, P=0.000, R=0.000
2025-06-10 03:38:24,943 - INFO - Tích cực: F1=0.969, P=0.966, R=0.973
2025-06-10 03:38:24,943 - INFO - No improvement. Patience: 1/3
2025-06-10 03:38:24,943 - INFO - Epoch 9/20
2025-06-10 04:07:22,381 - INFO - Train Loss: 0.3125
2025-06-10 04:07:22,381 - INFO - === VALIDATION METRICS ===
2025-06-10 04:07:22,381 - INFO - Aspect Macro F1: 0.7597
2025-06-10 04:07:22,381 - INFO - Aspect Micro F1: 0.9020
2025-06-10 04:07:22,381 - INFO - Sentiment Macro F1: 0.5359
2025-06-10 04:07:22,381 - INFO - Sentiment Micro F1: 0.8564
2025-06-10 04:07:22,381 - INFO - --- Aspect Performance ---
2025-06-10 04:07:22,381 - INFO - Dịch vụ: F1=0.929, P=0.922, R=0.937
2025-06-10 04:07:22,394 - INFO - Chất lượng sản phẩm: F1=0.962, P=0.936, R=0.990
2025-06-10 04:07:22,394 - INFO - Giá cả: F1=0.890, P=0.878, R=0.903
2025-06-10 04:07:22,394 - INFO - Khác: F1=0.257, P=0.600, R=0.164
2025-06-10 04:07:22,395 - INFO - --- Sentiment Performance ---
2025-06-10 04:07:22,396 - INFO - Tiêu cực: F1=0.638, P=0.721, R=0.571
2025-06-10 04:07:22,396 - INFO - Bình thường: F1=0.000, P=0.000, R=0.000
2025-06-10 04:07:22,396 - INFO - Tích cực: F1=0.970, P=0.951, R=0.990
2025-06-10 04:07:23,372 - INFO - Model saved to C:/Users/DELL/Tiki_ABSA/src/models/DistilBert_MultiTasking/checkpoints\best_model.pt
2025-06-10 04:07:23,372 - INFO - New best F1: 0.6478
2025-06-10 04:07:23,372 - INFO - Epoch 10/20
2025-06-10 04:36:30,286 - INFO - Train Loss: 0.2766
2025-06-10 04:36:30,286 - INFO - === VALIDATION METRICS ===
2025-06-10 04:36:30,286 - INFO - Aspect Macro F1: 0.7822
2025-06-10 04:36:30,286 - INFO - Aspect Micro F1: 0.9068
2025-06-10 04:36:30,286 - INFO - Sentiment Macro F1: 0.5665
2025-06-10 04:36:30,286 - INFO - Sentiment Micro F1: 0.8568
2025-06-10 04:36:30,286 - INFO - --- Aspect Performance ---
2025-06-10 04:36:30,286 - INFO - Dịch vụ: F1=0.933, P=0.914, R=0.952
2025-06-10 04:36:30,286 - INFO - Chất lượng sản phẩm: F1=0.967, P=0.948, R=0.986
2025-06-10 04:36:30,286 - INFO - Giá cả: F1=0.892, P=0.868, R=0.917
2025-06-10 04:36:30,286 - INFO - Khác: F1=0.338, P=0.591, R=0.236
2025-06-10 04:36:30,286 - INFO - --- Sentiment Performance ---
2025-06-10 04:36:30,286 - INFO - Tiêu cực: F1=0.648, P=0.708, R=0.597
2025-06-10 04:36:30,286 - INFO - Bình thường: F1=0.082, P=0.286, R=0.048
2025-06-10 04:36:30,286 - INFO - Tích cực: F1=0.970, P=0.951, R=0.990
2025-06-10 04:36:32,972 - INFO - Model saved to C:/Users/DELL/Tiki_ABSA/src/models/DistilBert_MultiTasking/checkpoints\best_model.pt
2025-06-10 04:36:32,972 - INFO - New best F1: 0.6744
2025-06-10 04:36:32,987 - INFO - Epoch 11/20
2025-06-10 05:05:41,474 - INFO - Train Loss: 0.2415
2025-06-10 05:05:41,474 - INFO - === VALIDATION METRICS ===
2025-06-10 05:05:41,474 - INFO - Aspect Macro F1: 0.7886
2025-06-10 05:05:41,474 - INFO - Aspect Micro F1: 0.9039
2025-06-10 05:05:41,474 - INFO - Sentiment Macro F1: 0.6368
2025-06-10 05:05:41,474 - INFO - Sentiment Micro F1: 0.8642
2025-06-10 05:05:41,474 - INFO - --- Aspect Performance ---
2025-06-10 05:05:41,474 - INFO - Dịch vụ: F1=0.936, P=0.946, R=0.926
2025-06-10 05:05:41,474 - INFO - Chất lượng sản phẩm: F1=0.967, P=0.942, R=0.993
2025-06-10 05:05:41,474 - INFO - Giá cả: F1=0.892, P=0.868, R=0.917
2025-06-10 05:05:41,474 - INFO - Khác: F1=0.360, P=0.471, R=0.291
2025-06-10 05:05:41,474 - INFO - --- Sentiment Performance ---
2025-06-10 05:05:41,474 - INFO - Tiêu cực: F1=0.658, P=0.642, R=0.675
2025-06-10 05:05:41,474 - INFO - Bình thường: F1=0.276, P=0.500, R=0.190
2025-06-10 05:05:41,474 - INFO - Tích cực: F1=0.976, P=0.963, R=0.990
2025-06-10 05:05:42,479 - INFO - Model saved to C:/Users/DELL/Tiki_ABSA/src/models/DistilBert_MultiTasking/checkpoints\best_model.pt
2025-06-10 05:05:42,479 - INFO - New best F1: 0.7127
2025-06-10 05:05:42,479 - INFO - Epoch 12/20
2025-06-10 05:34:27,926 - INFO - Train Loss: 0.2104
2025-06-10 05:34:27,926 - INFO - === VALIDATION METRICS ===
2025-06-10 05:34:27,926 - INFO - Aspect Macro F1: 0.7656
2025-06-10 05:34:27,926 - INFO - Aspect Micro F1: 0.9050
2025-06-10 05:34:27,926 - INFO - Sentiment Macro F1: 0.5948
2025-06-10 05:34:27,926 - INFO - Sentiment Micro F1: 0.8665
2025-06-10 05:34:27,926 - INFO - --- Aspect Performance ---
2025-06-10 05:34:27,926 - INFO - Dịch vụ: F1=0.933, P=0.905, R=0.963
2025-06-10 05:34:27,926 - INFO - Chất lượng sản phẩm: F1=0.968, P=0.951, R=0.986
2025-06-10 05:34:27,926 - INFO - Giá cả: F1=0.890, P=0.878, R=0.903
2025-06-10 05:34:27,926 - INFO - Khác: F1=0.270, P=0.526, R=0.182
2025-06-10 05:34:27,926 - INFO - --- Sentiment Performance ---
2025-06-10 05:34:27,926 - INFO - Tiêu cực: F1=0.684, P=0.679, R=0.688
2025-06-10 05:34:27,926 - INFO - Bình thường: F1=0.128, P=0.600, R=0.071
2025-06-10 05:34:27,926 - INFO - Tích cực: F1=0.973, P=0.963, R=0.983
2025-06-10 05:34:27,926 - INFO - No improvement. Patience: 1/3
2025-06-10 05:34:27,926 - INFO - Epoch 13/20
2025-06-10 06:03:13,910 - INFO - Train Loss: 0.1840
2025-06-10 06:03:13,910 - INFO - === VALIDATION METRICS ===
2025-06-10 06:03:13,910 - INFO - Aspect Macro F1: 0.7737
2025-06-10 06:03:13,910 - INFO - Aspect Micro F1: 0.9115
2025-06-10 06:03:13,910 - INFO - Sentiment Macro F1: 0.6090
2025-06-10 06:03:13,910 - INFO - Sentiment Micro F1: 0.8685
2025-06-10 06:03:13,910 - INFO - --- Aspect Performance ---
2025-06-10 06:03:13,910 - INFO - Dịch vụ: F1=0.945, P=0.942, R=0.947
2025-06-10 06:03:13,910 - INFO - Chất lượng sản phẩm: F1=0.968, P=0.951, R=0.986
2025-06-10 06:03:13,910 - INFO - Giá cả: F1=0.904, P=0.892, R=0.917
2025-06-10 06:03:13,910 - INFO - Khác: F1=0.278, P=0.588, R=0.182
2025-06-10 06:03:13,910 - INFO - --- Sentiment Performance ---
2025-06-10 06:03:13,910 - INFO - Tiêu cực: F1=0.652, P=0.738, R=0.584
2025-06-10 06:03:13,910 - INFO - Bình thường: F1=0.200, P=0.625, R=0.119
2025-06-10 06:03:13,910 - INFO - Tích cực: F1=0.975, P=0.960, R=0.990
2025-06-10 06:03:13,910 - INFO - No improvement. Patience: 2/3
2025-06-10 06:03:13,910 - INFO - Epoch 14/20
2025-06-10 06:31:57,010 - INFO - Train Loss: 0.1642
2025-06-10 06:31:57,010 - INFO - === VALIDATION METRICS ===
2025-06-10 06:31:57,010 - INFO - Aspect Macro F1: 0.7733
2025-06-10 06:31:57,010 - INFO - Aspect Micro F1: 0.9007
2025-06-10 06:31:57,010 - INFO - Sentiment Macro F1: 0.6402
2025-06-10 06:31:57,010 - INFO - Sentiment Micro F1: 0.8635
2025-06-10 06:31:57,010 - INFO - --- Aspect Performance ---
2025-06-10 06:31:57,010 - INFO - Dịch vụ: F1=0.931, P=0.897, R=0.968
2025-06-10 06:31:57,010 - INFO - Chất lượng sản phẩm: F1=0.959, P=0.927, R=0.993
2025-06-10 06:31:57,010 - INFO - Giá cả: F1=0.903, P=0.903, R=0.903
2025-06-10 06:31:57,010 - INFO - Khác: F1=0.300, P=0.480, R=0.218
2025-06-10 06:31:57,010 - INFO - --- Sentiment Performance ---
2025-06-10 06:31:57,010 - INFO - Tiêu cực: F1=0.679, P=0.671, R=0.688
2025-06-10 06:31:57,010 - INFO - Bình thường: F1=0.271, P=0.471, R=0.190
2025-06-10 06:31:57,010 - INFO - Tích cực: F1=0.970, P=0.951, R=0.990
2025-06-10 06:31:57,010 - INFO - No improvement. Patience: 3/3
2025-06-10 06:31:57,010 - INFO - Early stopping triggered
2025-06-10 06:31:57,010 - INFO - Training completed!
